<?xml version="1.0" encoding="UTF-8"?>
<!-- Generated by org.testng.reporters.JUnitReportReporter -->
<testsuite hostname="TIBCO-PG02TYVD" failures="0" tests="2" name="TestNG.Annotations" time="0.006" errors="0" timestamp="2024-02-05T22:06:15 IST" skipped="0">
  <testcase classname="TestNG.Annotations" name="verifyUserID1" time="0.002"/>
  <system-out>
    <![CDATA[running verifyUserID1 TC]]>
  </system-out>
  <testcase classname="TestNG.Annotations" name="verifyUserID" time="0.004"/>
  <system-out>
    <![CDATA[running verifyUserID TC]]>
  </system-out>
</testsuite> <!-- TestNG.Annotations -->
