<?xml version="1.0" encoding="UTF-8"?>
<!-- Generated by org.testng.reporters.JUnitReportReporter -->
<testsuite hostname="TIBCO-PG02TYVD" failures="0" tests="1" name="TestNG.DisableTCExecutionFrom_TestSuite" time="0.007" errors="0" timestamp="2024-02-06T18:36:53 IST" skipped="0">
  <testcase classname="TestNG.DisableTCExecutionFrom_TestSuite" name="TC3" time="0.007"/>
  <system-out/>
</testsuite> <!-- TestNG.DisableTCExecutionFrom_TestSuite -->
