<?xml version="1.0" encoding="UTF-8"?>
<!-- Generated by org.testng.reporters.JUnitReportReporter -->
<testsuite hostname="TIBCO-PG02TYVD" failures="0" tests="2" name="TestNG.Emailable_Report" time="0.012" errors="0" timestamp="2024-02-05T22:03:53 IST" skipped="0">
  <testcase classname="TestNG.Emailable_Report" name="m1" time="0.009"/>
  <system-out>
    <![CDATA[Running test case m1]]>
  </system-out>
  <testcase classname="TestNG.Emailable_Report" name="m2" time="0.003"/>
  <system-out>
    <![CDATA[Running test case m2]]>
  </system-out>
</testsuite> <!-- TestNG.Emailable_Report -->
