<?xml version="1.0" encoding="UTF-8"?>
<!-- Generated by org.testng.reporters.JUnitReportReporter -->
<testsuite hostname="TIBCO-PG02TYVD" failures="0" tests="4" name="TestNG.KeyWord_Enable" time="0.011" errors="0" timestamp="2024-02-05T22:26:49 IST" skipped="2">
  <testcase classname="TestNG.KeyWord_Enable" name="m3" time="0.001"/>
  <system-out/>
  <testcase classname="TestNG.KeyWord_Enable" name="m1" time="0.010"/>
  <system-out/>
  <testcase classname="TestNG.KeyWord_Enable" name="m2">
    <skipped/>
  </testcase> <!-- m2 -->
  <system-out/>
  <testcase classname="TestNG.KeyWord_Enable" name="m4">
    <skipped/>
  </testcase> <!-- m4 -->
  <system-out/>
</testsuite> <!-- TestNG.KeyWord_Enable -->
