<?xml version="1.0" encoding="UTF-8"?>
<!-- Generated by org.testng.reporters.JUnitReportReporter -->
<testsuite hostname="TIBCO-PG02TYVD" failures="0" tests="1" name="AssertClass.AssetEquals" time="0.010" errors="0" timestamp="2024-02-06T12:23:09 IST" skipped="0">
  <testcase classname="AssertClass.AssetEquals" name="m1" time="0.010"/>
  <system-out/>
</testsuite> <!-- AssertClass.AssetEquals -->
