<?xml version="1.0" encoding="UTF-8"?>
<!-- Generated by org.testng.reporters.JUnitReportReporter -->
<testsuite hostname="TIBCO-PG02TYVD" failures="0" tests="5" name="TestNG.KeyWord_Invocation_Count" time="0.011" errors="0" timestamp="2024-02-05T22:08:24 IST" skipped="0">
  <testcase classname="TestNG.KeyWord_Invocation_Count" name="m1" time="0.001"/>
  <system-out/>
  <testcase classname="TestNG.KeyWord_Invocation_Count" name="m1" time="0.001"/>
  <system-out/>
  <testcase classname="TestNG.KeyWord_Invocation_Count" name="m1" time="0.001"/>
  <system-out/>
  <testcase classname="TestNG.KeyWord_Invocation_Count" name="m1" time="0.001"/>
  <system-out/>
  <testcase classname="TestNG.KeyWord_Invocation_Count" name="m1" time="0.007"/>
  <system-out/>
</testsuite> <!-- TestNG.KeyWord_Invocation_Count -->
