<?xml version="1.0" encoding="UTF-8"?>
<!-- Generated by org.testng.reporters.JUnitReportReporter -->
<testsuite hostname="TIBCO-PG02TYVD" failures="0" tests="4" name="TestNG.Duplicate_Priority" time="0.010" errors="0" timestamp="2024-04-17T14:45:44 IST" skipped="0">
  <testcase classname="TestNG.Duplicate_Priority" name="m3" time="0.007"/>
  <system-out/>
  <testcase classname="TestNG.Duplicate_Priority" name="m4" time="0.001"/>
  <system-out/>
  <testcase classname="TestNG.Duplicate_Priority" name="m1" time="0.001"/>
  <system-out/>
  <testcase classname="TestNG.Duplicate_Priority" name="m2" time="0.001"/>
  <system-out/>
</testsuite> <!-- TestNG.Duplicate_Priority -->
