<?xml version="1.0" encoding="UTF-8"?>
<!-- Generated by org.testng.reporters.JUnitReportReporter -->
<testsuite hostname="TIBCO-PG02TYVD" failures="0" tests="1" name="TestNG.SampleTest_FailedTest" time="0.007" errors="0" timestamp="2024-02-09T21:41:42 IST" skipped="0">
  <testcase classname="TestNG.SampleTest_FailedTest" name="TC4" time="0.007"/>
  <system-out/>
</testsuite> <!-- TestNG.SampleTest_FailedTest -->
