<?xml version="1.0" encoding="UTF-8"?>
<!-- Generated by org.testng.reporters.JUnitReportReporter -->
<testsuite hostname="TIBCO-PG02TYVD" failures="0" tests="2" name="TestNG.TestSuite_Sample2" time="0.001" errors="0" timestamp="2024-02-06T11:28:30 IST" skipped="0">
  <testcase classname="TestNG.TestSuite_Sample2" name="TC3" time="0.001"/>
  <system-out/>
  <testcase classname="TestNG.TestSuite_Sample2" name="TC4" time="0.000"/>
  <system-out/>
</testsuite> <!-- TestNG.TestSuite_Sample2 -->
