<?xml version="1.0" encoding="UTF-8"?>
<!-- Generated by org.testng.reporters.JUnitReportReporter -->
<testsuite hostname="TIBCO-PG02TYVD" failures="0" tests="4" name="TestNG.Grouping" time="0.012" errors="0" timestamp="2024-02-06T18:42:13 IST" skipped="0">
  <testcase classname="TestNG.Grouping" name="TC2" time="0.007"/>
  <system-out/>
  <testcase classname="TestNG.Grouping" name="TC5" time="0.002"/>
  <system-out/>
  <testcase classname="TestNG.Grouping" name="TC4" time="0.002"/>
  <system-out/>
  <testcase classname="TestNG.Grouping" name="TC3" time="0.001"/>
  <system-out/>
</testsuite> <!-- TestNG.Grouping -->
