<?xml version="1.0" encoding="UTF-8"?>
<!-- Generated by org.testng.reporters.JUnitReportReporter -->
<testsuite hostname="TIBCO-PG02TYVD" failures="0" tests="2" name="AssertClass.Assert_Null" time="0.008" errors="0" timestamp="2024-02-06T12:39:17 IST" skipped="0">
  <testcase classname="AssertClass.Assert_Null" name="b" time="0.000"/>
  <system-out/>
  <testcase classname="AssertClass.Assert_Null" name="a" time="0.008"/>
  <system-out/>
</testsuite> <!-- AssertClass.Assert_Null -->
