<?xml version="1.0" encoding="UTF-8"?>
<!-- Generated by org.testng.reporters.JUnitReportReporter -->
<testsuite hostname="TIBCO-PG02TYVD" failures="0" tests="4" name="TestNG.KeyWord_DependOn" time="0.009" errors="0" timestamp="2024-02-06T11:11:04 IST" skipped="0">
  <testcase classname="TestNG.KeyWord_DependOn" name="login2" time="0.001"/>
  <system-out/>
  <testcase classname="TestNG.KeyWord_DependOn" name="logout1" time="0.001"/>
  <system-out/>
  <testcase classname="TestNG.KeyWord_DependOn" name="login1" time="0.006"/>
  <system-out/>
  <testcase classname="TestNG.KeyWord_DependOn" name="logout2" time="0.001"/>
  <system-out/>
</testsuite> <!-- TestNG.KeyWord_DependOn -->
