<?xml version="1.0" encoding="UTF-8"?>
<!-- Generated by org.testng.reporters.JUnitReportReporter -->
<testsuite hostname="TIBCO-PG02TYVD" failures="0" tests="2" name="AssertClass.Assert_True_And_False" time="0.008" errors="0" timestamp="2024-02-06T12:35:22 IST" skipped="0">
  <testcase classname="AssertClass.Assert_True_And_False" name="m2" time="0.000"/>
  <system-out/>
  <testcase classname="AssertClass.Assert_True_And_False" name="m1" time="0.008"/>
  <system-out/>
</testsuite> <!-- AssertClass.Assert_True_And_False -->
