<?xml version="1.0" encoding="UTF-8"?>
<!-- Generated by org.testng.reporters.JUnitReportReporter -->
<testsuite hostname="TIBCO-PG02TYVD" failures="0" tests="1" name="TestNG.parallel_1" time="16.962" errors="0" timestamp="2024-02-06T18:59:23 IST" skipped="0">
  <testcase classname="TestNG.parallel_1" name="browser1" time="16.962"/>
  <system-out/>
</testsuite> <!-- TestNG.parallel_1 -->
