<?xml version="1.0" encoding="UTF-8"?>
<!-- Generated by org.testng.reporters.JUnitReportReporter -->
<testsuite hostname="TIBCO-PG02TYVD" failures="0" tests="1" name="TestNG.TestNG_TestClass" time="7.443" errors="0" timestamp="2024-02-05T21:57:55 IST" skipped="0">
  <testcase classname="TestNG.TestNG_TestClass" name="test" time="7.443"/>
  <system-out/>
</testsuite> <!-- TestNG.TestNG_TestClass -->
