<?xml version="1.0" encoding="UTF-8"?>
<!-- Generated by org.testng.reporters.JUnitReportReporter -->
<testsuite hostname="TIBCO-PG02TYVD" failures="0" tests="5" name="TestNG.KeyWord_Priority" time="0.017" errors="0" timestamp="2024-02-05T22:18:51 IST" skipped="0">
  <testcase classname="TestNG.KeyWord_Priority" name="m4" time="0.013"/>
  <system-out/>
  <testcase classname="TestNG.KeyWord_Priority" name="m5" time="0.001"/>
  <system-out/>
  <testcase classname="TestNG.KeyWord_Priority" name="m3" time="0.001"/>
  <system-out/>
  <testcase classname="TestNG.KeyWord_Priority" name="m1" time="0.001"/>
  <system-out/>
  <testcase classname="TestNG.KeyWord_Priority" name="m2" time="0.001"/>
  <system-out/>
</testsuite> <!-- TestNG.KeyWord_Priority -->
