<?xml version="1.0" encoding="UTF-8"?>
<!-- Generated by org.testng.reporters.JUnitReportReporter -->
<testsuite hostname="TIBCO-PG02TYVD" failures="0" tests="2" name="TestNG.Multi_BrowserTesting" time="16.297" errors="0" timestamp="2024-02-06T19:44:10 IST" skipped="0">
  <testcase classname="TestNG.Multi_BrowserTesting" name="browser" time="8.137"/>
  <system-out/>
  <testcase classname="TestNG.Multi_BrowserTesting" name="browser" time="8.160"/>
  <system-out/>
</testsuite> <!-- TestNG.Multi_BrowserTesting -->
