<?xml version="1.0" encoding="UTF-8"?>
<!-- Generated by org.testng.reporters.JUnitReportReporter -->
<testsuite hostname="TIBCO-PG02TYVD" failures="0" tests="2" name="TestNG.TestSuite_Sample1" time="0.007" errors="0" timestamp="2024-02-06T11:28:30 IST" skipped="0">
  <testcase classname="TestNG.TestSuite_Sample1" name="TC2" time="0.001"/>
  <system-out/>
  <testcase classname="TestNG.TestSuite_Sample1" name="TC1" time="0.006"/>
  <system-out/>
</testsuite> <!-- TestNG.TestSuite_Sample1 -->
