<?xml version="1.0" encoding="UTF-8"?>
<!-- Generated by org.testng.reporters.JUnitReportReporter -->
<testsuite hostname="TIBCO-PG02TYVD" failures="0" tests="1" name="AssertClass.AseertNotEqual" time="0.007" errors="0" timestamp="2024-02-06T12:33:23 IST" skipped="0">
  <testcase classname="AssertClass.AseertNotEqual" name="m1" time="0.007"/>
  <system-out/>
</testsuite> <!-- AssertClass.AseertNotEqual -->
