<?xml version="1.0" encoding="UTF-8"?>
<!-- Generated by org.testng.reporters.JUnitReportReporter -->
<testsuite hostname="TIBCO-PG02TYVD" failures="0" tests="1" name="TestNG.KeyWord_TimeOut" time="5.015" errors="0" timestamp="2024-02-06T11:02:56 IST" skipped="0">
  <testcase classname="TestNG.KeyWord_TimeOut" name="m1" time="5.015"/>
  <system-out/>
</testsuite> <!-- TestNG.KeyWord_TimeOut -->
