<?xml version="1.0" encoding="UTF-8"?>
<!-- Generated by org.testng.reporters.JUnitReportReporter -->
<testsuite hostname="TIBCO-PG02TYVD" failures="0" tests="1" name="TestNG.Parallel_2" time="15.664" errors="0" timestamp="2024-02-06T18:59:23 IST" skipped="0">
  <testcase classname="TestNG.Parallel_2" name="browser2" time="15.664"/>
  <system-out/>
</testsuite> <!-- TestNG.Parallel_2 -->
